Content-Type: text/plain; charset="utf-8"
MIME-Version: 1.0
Content-Transfer-Encoding: 8bit
Subject: 
 =?utf-8?q?R=C3=A9initialisation_du_mot_de_passe_sur_127=2E0=2E0=2E1=3A8000?=
From: webmaster@localhost
To: sultan77@live.fr
Date: Fri, 02 Sep 2022 21:17:15 -0000
Message-ID: <166215343500.55672.16180533810217468434@SHADOW-1DLCPLSI>


Vous recevez ce message en réponse à votre demande de réinitialisation du mot de passe de votre compte sur 127.0.0.1:8000.

Veuillez vous rendre sur cette page et choisir un nouveau mot de passe :

http://127.0.0.1:8000/reset/MjM/bb5coq-605d5a41a3ffffbfde109a5cff3ac25d

Votre nom d’utilisateur, en cas d’oubli : sata

Merci d’utiliser notre site !

L’équipe 127.0.0.1:8000



-------------------------------------------------------------------------------
Content-Type: text/plain; charset="utf-8"
MIME-Version: 1.0
Content-Transfer-Encoding: 8bit
Subject: 
 =?utf-8?q?R=C3=A9initialisation_du_mot_de_passe_sur_127=2E0=2E0=2E1=3A8000?=
From: webmaster@localhost
To: sultan77@live.fr
Date: Fri, 02 Sep 2022 21:17:15 -0000
Message-ID: <166215343500.55672.7601614510691216457@SHADOW-1DLCPLSI>


Vous recevez ce message en réponse à votre demande de réinitialisation du mot de passe de votre compte sur 127.0.0.1:8000.

Veuillez vous rendre sur cette page et choisir un nouveau mot de passe :

http://127.0.0.1:8000/reset/MjQ/bb5cor-13a7ff8aa810e54582ab103d2815d033

Votre nom d’utilisateur, en cas d’oubli : leko

Merci d’utiliser notre site !

L’équipe 127.0.0.1:8000



-------------------------------------------------------------------------------
